TN:
SF:sources/scripts/board.js
FN:17,drawBoard
FN:56,clearBoard
FN:69,clearCards
FN:83,loadLevel
FN:146,createCard
FN:179,buildHand
FN:204,changeBoard
FNF:7
FNH:7
FNDA:5,drawBoard
FNDA:1,clearBoard
FNDA:1,clearCards
FNDA:1,loadLevel
FNDA:6,createCard
FNDA:2,buildHand
FNDA:3,changeBoard
DA:6,1
DA:7,1
DA:8,4
DA:9,4
DA:10,24
DA:18,5
DA:19,20
DA:21,120
DA:22,120
DA:24,120
DA:26,118
DA:28,44
DA:29,44
DA:31,16
DA:32,16
DA:34,58
DA:35,58
DA:38,0
DA:39,0
DA:41,0
DA:43,0
DA:44,0
DA:46,0
DA:58,1
DA:59,1
DA:60,24
DA:61,24
DA:71,1
DA:72,1
DA:73,5
DA:74,5
DA:85,1
DA:86,1
DA:87,1
DA:88,1
DA:89,1
DA:92,1
DA:95,1
DA:96,4
DA:98,24
DA:100,10
DA:101,10
DA:103,1
DA:104,1
DA:106,13
DA:107,13
DA:109,0
DA:110,0
DA:112,0
DA:113,0
DA:115,0
DA:116,0
DA:118,0
DA:124,1
DA:125,1
DA:128,1
DA:131,1
DA:132,5
DA:133,5
DA:136,0
DA:147,6
DA:148,6
DA:149,6
DA:151,6
DA:152,6
DA:153,6
DA:154,6
DA:157,6
DA:158,16
DA:159,10
DA:160,10
DA:162,10
DA:164,6
DA:165,6
DA:166,6
DA:167,6
DA:169,6
DA:171,6
DA:181,2
DA:182,2
DA:184,2
DA:185,2
DA:186,2
DA:187,2
DA:190,2
DA:191,8
DA:192,8
DA:193,8
DA:205,3
DA:207,3
DA:209,3
DA:211,2
DA:212,2
DA:214,0
DA:215,0
DA:217,0
DA:218,0
DA:220,0
DA:221,0
DA:223,1
DA:224,1
DA:228,3
DA:229,3
DA:231,8
DA:234,8
DA:235,2
DA:240,6
DA:241,6
DA:242,5
DA:243,5
DA:244,5
DA:247,3
DA:249,3
LF:113
LH:93
BRDA:24,0,0,118
BRDA:24,0,1,2
BRDA:26,1,0,44
BRDA:26,1,1,16
BRDA:26,1,2,58
BRDA:26,1,3,0
BRDA:26,1,4,0
BRDA:38,2,0,0
BRDA:38,2,1,0
BRDA:43,3,0,0
BRDA:43,3,1,0
BRDA:98,4,0,10
BRDA:98,4,1,1
BRDA:98,4,2,13
BRDA:98,4,3,0
BRDA:98,4,4,0
BRDA:109,5,0,0
BRDA:109,5,1,0
BRDA:115,6,0,0
BRDA:115,6,1,0
BRDA:132,7,0,5
BRDA:132,7,1,0
BRDA:148,8,0,6
BRDA:148,8,1,0
BRDA:158,9,0,10
BRDA:158,9,1,6
BRDA:159,10,0,10
BRDA:159,10,1,0
BRDA:166,11,0,6
BRDA:166,11,1,0
BRDA:186,12,0,2
BRDA:186,12,1,0
BRDA:209,13,0,2
BRDA:209,13,1,0
BRDA:209,13,2,0
BRDA:209,13,3,0
BRDA:209,13,4,1
BRDA:223,14,0,1
BRDA:223,14,1,0
BRDA:234,15,0,2
BRDA:234,15,1,6
BRDA:234,16,0,8
BRDA:234,16,1,7
BRDA:234,16,2,7
BRDA:234,16,3,6
BRDA:241,17,0,5
BRDA:241,17,1,1
BRDA:241,18,0,6
BRDA:241,18,1,6
BRF:49
BRH:28
end_of_record
TN:
SF:sources/scripts/constants.js
FNF:0
FNH:0
DA:2,1
DA:5,1
DA:6,1
DA:9,1
DA:17,1
DA:25,1
DA:28,1
LF:7
LH:7
BRF:0
BRH:0
end_of_record
